<?xml version="1.0" encoding="UTF-8"?>
<coverage generated="1755528722">
  <project timestamp="1755528722" name="Clover Coverage">
    <package name="App\Controller\Admin">
      <file name="/Users/mak/Desktop/DWWM/Pierre-Bertrand DWWM/api_blog/src/Controller/Admin/ArticleController.php">
        <class name="App\Controller\Admin\ArticleController" namespace="App\Controller\Admin">
          <metrics complexity="7" methods="7" coveredmethods="0" conditionals="0" coveredconditionals="0" statements="42" coveredstatements="0" elements="49" coveredelements="0"/>
        </class>
        <line num="27" type="method" name="__construct" visibility="public" complexity="1" crap="2" count="0"/>
        <line num="33" type="stmt" count="0"/>
        <line num="35" type="method" name="listArticles" visibility="public" complexity="1" crap="2" count="0"/>
        <line num="42" type="stmt" count="0"/>
        <line num="43" type="stmt" count="0"/>
        <line num="44" type="stmt" count="0"/>
        <line num="47" type="method" name="readArticle" visibility="public" complexity="1" crap="2" count="0"/>
        <line num="50" type="stmt" count="0"/>
        <line num="51" type="stmt" count="0"/>
        <line num="52" type="stmt" count="0"/>
        <line num="53" type="stmt" count="0"/>
        <line num="56" type="method" name="deleteOneArticle" visibility="public" complexity="1" crap="2" count="0"/>
        <line num="59" type="stmt" count="0"/>
        <line num="60" type="stmt" count="0"/>
        <line num="61" type="stmt" count="0"/>
        <line num="62" type="stmt" count="0"/>
        <line num="63" type="stmt" count="0"/>
        <line num="64" type="stmt" count="0"/>
        <line num="67" type="method" name="createArticle" visibility="public" complexity="1" crap="2" count="0"/>
        <line num="73" type="stmt" count="0"/>
        <line num="74" type="stmt" count="0"/>
        <line num="75" type="stmt" count="0"/>
        <line num="76" type="stmt" count="0"/>
        <line num="77" type="stmt" count="0"/>
        <line num="78" type="stmt" count="0"/>
        <line num="79" type="stmt" count="0"/>
        <line num="80" type="stmt" count="0"/>
        <line num="81" type="stmt" count="0"/>
        <line num="82" type="stmt" count="0"/>
        <line num="85" type="method" name="updateArticle" visibility="public" complexity="1" crap="2" count="0"/>
        <line num="92" type="stmt" count="0"/>
        <line num="93" type="stmt" count="0"/>
        <line num="94" type="stmt" count="0"/>
        <line num="95" type="stmt" count="0"/>
        <line num="96" type="stmt" count="0"/>
        <line num="97" type="stmt" count="0"/>
        <line num="98" type="stmt" count="0"/>
        <line num="99" type="stmt" count="0"/>
        <line num="100" type="stmt" count="0"/>
        <line num="101" type="stmt" count="0"/>
        <line num="102" type="stmt" count="0"/>
        <line num="105" type="method" name="upload" visibility="public" complexity="1" crap="2" count="0"/>
        <line num="126" type="stmt" count="0"/>
        <line num="127" type="stmt" count="0"/>
        <line num="128" type="stmt" count="0"/>
        <line num="129" type="stmt" count="0"/>
        <line num="130" type="stmt" count="0"/>
        <line num="131" type="stmt" count="0"/>
        <line num="132" type="stmt" count="0"/>
        <metrics loc="134" ncloc="134" classes="1" methods="7" coveredmethods="0" conditionals="0" coveredconditionals="0" statements="42" coveredstatements="0" elements="49" coveredelements="0"/>
      </file>
      <file name="/Users/mak/Desktop/DWWM/Pierre-Bertrand DWWM/api_blog/src/Controller/Admin/UserController.php">
        <class name="App\Controller\Admin\UserController" namespace="App\Controller\Admin">
          <metrics complexity="5" methods="5" coveredmethods="0" conditionals="0" coveredconditionals="0" statements="23" coveredstatements="0" elements="28" coveredelements="0"/>
        </class>
        <line num="19" type="method" name="__construct" visibility="public" complexity="1" crap="2" count="0"/>
        <line num="24" type="stmt" count="0"/>
        <line num="25" type="method" name="index" visibility="public" complexity="1" crap="2" count="0"/>
        <line num="28" type="stmt" count="0"/>
        <line num="29" type="stmt" count="0"/>
        <line num="30" type="stmt" count="0"/>
        <line num="33" type="method" name="update" visibility="public" complexity="1" crap="2" count="0"/>
        <line num="40" type="stmt" count="0"/>
        <line num="41" type="stmt" count="0"/>
        <line num="42" type="stmt" count="0"/>
        <line num="43" type="stmt" count="0"/>
        <line num="44" type="stmt" count="0"/>
        <line num="45" type="stmt" count="0"/>
        <line num="48" type="method" name="delete" visibility="public" complexity="1" crap="2" count="0"/>
        <line num="54" type="stmt" count="0"/>
        <line num="55" type="stmt" count="0"/>
        <line num="56" type="stmt" count="0"/>
        <line num="57" type="stmt" count="0"/>
        <line num="58" type="stmt" count="0"/>
        <line num="59" type="stmt" count="0"/>
        <line num="63" type="method" name="show" visibility="public" complexity="1" crap="2" count="0"/>
        <line num="66" type="stmt" count="0"/>
        <line num="67" type="stmt" count="0"/>
        <line num="68" type="stmt" count="0"/>
        <line num="69" type="stmt" count="0"/>
        <line num="70" type="stmt" count="0"/>
        <line num="71" type="stmt" count="0"/>
        <line num="72" type="stmt" count="0"/>
        <metrics loc="76" ncloc="76" classes="1" methods="5" coveredmethods="0" conditionals="0" coveredconditionals="0" statements="23" coveredstatements="0" elements="28" coveredelements="0"/>
      </file>
    </package>
    <package name="App\Controller">
      <file name="/Users/mak/Desktop/DWWM/Pierre-Bertrand DWWM/api_blog/src/Controller/UserController.php">
        <class name="App\Controller\UserController" namespace="App\Controller">
          <metrics complexity="2" methods="2" coveredmethods="0" conditionals="0" coveredconditionals="0" statements="10" coveredstatements="0" elements="12" coveredelements="0"/>
        </class>
        <line num="17" type="method" name="__construct" visibility="public" complexity="1" crap="2" count="0"/>
        <line num="20" type="stmt" count="0"/>
        <line num="21" type="method" name="register" visibility="public" complexity="1" crap="2" count="0"/>
        <line num="27" type="stmt" count="0"/>
        <line num="28" type="stmt" count="0"/>
        <line num="29" type="stmt" count="0"/>
        <line num="31" type="stmt" count="0"/>
        <line num="32" type="stmt" count="0"/>
        <line num="33" type="stmt" count="0"/>
        <line num="34" type="stmt" count="0"/>
        <line num="35" type="stmt" count="0"/>
        <line num="36" type="stmt" count="0"/>
        <metrics loc="39" ncloc="37" classes="1" methods="2" coveredmethods="0" conditionals="0" coveredconditionals="0" statements="10" coveredstatements="0" elements="12" coveredelements="0"/>
      </file>
    </package>
    <package name="App\DataFixtures">
      <file name="/Users/mak/Desktop/DWWM/Pierre-Bertrand DWWM/api_blog/src/DataFixtures/AppFixtures.php">
        <class name="App\DataFixtures\AppFixtures" namespace="App\DataFixtures">
          <metrics complexity="3" methods="2" coveredmethods="1" conditionals="0" coveredconditionals="0" statements="24" coveredstatements="1" elements="26" coveredelements="2"/>
        </class>
        <line num="17" type="method" name="__construct" visibility="public" complexity="1" crap="1" count="5"/>
        <line num="18" type="stmt" count="5"/>
        <line num="21" type="method" name="load" visibility="public" complexity="2" crap="6" count="0"/>
        <line num="25" type="stmt" count="0"/>
        <line num="26" type="stmt" count="0"/>
        <line num="27" type="stmt" count="0"/>
        <line num="28" type="stmt" count="0"/>
        <line num="29" type="stmt" count="0"/>
        <line num="30" type="stmt" count="0"/>
        <line num="32" type="stmt" count="0"/>
        <line num="33" type="stmt" count="0"/>
        <line num="34" type="stmt" count="0"/>
        <line num="35" type="stmt" count="0"/>
        <line num="36" type="stmt" count="0"/>
        <line num="37" type="stmt" count="0"/>
        <line num="38" type="stmt" count="0"/>
        <line num="39" type="stmt" count="0"/>
        <line num="41" type="stmt" count="0"/>
        <line num="42" type="stmt" count="0"/>
        <line num="43" type="stmt" count="0"/>
        <line num="44" type="stmt" count="0"/>
        <line num="45" type="stmt" count="0"/>
        <line num="46" type="stmt" count="0"/>
        <line num="47" type="stmt" count="0"/>
        <line num="48" type="stmt" count="0"/>
        <line num="51" type="stmt" count="0"/>
        <metrics loc="54" ncloc="52" classes="1" methods="2" coveredmethods="1" conditionals="0" coveredconditionals="0" statements="24" coveredstatements="1" elements="26" coveredelements="2"/>
      </file>
    </package>
    <package name="App\Dto\Article">
      <file name="/Users/mak/Desktop/DWWM/Pierre-Bertrand DWWM/api_blog/src/Dto/Article/CreateArticleDto.php">
        <class name="App\Dto\Article\CreateArticleDto" namespace="App\Dto\Article">
          <metrics complexity="6" methods="6" coveredmethods="0" conditionals="0" coveredconditionals="0" statements="6" coveredstatements="0" elements="12" coveredelements="0"/>
        </class>
        <line num="10" type="method" name="__construct" visibility="public" complexity="1" crap="2" count="0"/>
        <line num="43" type="stmt" count="0"/>
        <line num="45" type="method" name="getTitle" visibility="public" complexity="1" crap="2" count="0"/>
        <line num="47" type="stmt" count="0"/>
        <line num="50" type="method" name="getShortContent" visibility="public" complexity="1" crap="2" count="0"/>
        <line num="52" type="stmt" count="0"/>
        <line num="55" type="method" name="getContent" visibility="public" complexity="1" crap="2" count="0"/>
        <line num="57" type="stmt" count="0"/>
        <line num="60" type="method" name="getEnabled" visibility="public" complexity="1" crap="2" count="0"/>
        <line num="62" type="stmt" count="0"/>
        <line num="65" type="method" name="getUser" visibility="public" complexity="1" crap="2" count="0"/>
        <line num="67" type="stmt" count="0"/>
        <metrics loc="70" ncloc="70" classes="1" methods="6" coveredmethods="0" conditionals="0" coveredconditionals="0" statements="6" coveredstatements="0" elements="12" coveredelements="0"/>
      </file>
      <file name="/Users/mak/Desktop/DWWM/Pierre-Bertrand DWWM/api_blog/src/Dto/Article/UpdateArticleDto.php">
        <class name="App\Dto\Article\UpdateArticleDto" namespace="App\Dto\Article">
          <metrics complexity="6" methods="6" coveredmethods="0" conditionals="0" coveredconditionals="0" statements="6" coveredstatements="0" elements="12" coveredelements="0"/>
        </class>
        <line num="11" type="method" name="__construct" visibility="public" complexity="1" crap="2" count="0"/>
        <line num="36" type="stmt" count="0"/>
        <line num="38" type="method" name="getTitle" visibility="public" complexity="1" crap="2" count="0"/>
        <line num="40" type="stmt" count="0"/>
        <line num="43" type="method" name="getShortContent" visibility="public" complexity="1" crap="2" count="0"/>
        <line num="45" type="stmt" count="0"/>
        <line num="48" type="method" name="getContent" visibility="public" complexity="1" crap="2" count="0"/>
        <line num="50" type="stmt" count="0"/>
        <line num="53" type="method" name="getEnabled" visibility="public" complexity="1" crap="2" count="0"/>
        <line num="55" type="stmt" count="0"/>
        <line num="58" type="method" name="getUser" visibility="public" complexity="1" crap="2" count="0"/>
        <line num="60" type="stmt" count="0"/>
        <metrics loc="63" ncloc="63" classes="1" methods="6" coveredmethods="0" conditionals="0" coveredconditionals="0" statements="6" coveredstatements="0" elements="12" coveredelements="0"/>
      </file>
    </package>
    <package name="App\Dto\Filter">
      <file name="/Users/mak/Desktop/DWWM/Pierre-Bertrand DWWM/api_blog/src/Dto/Filter/ArticleFilterDto.php">
        <class name="App\Dto\Filter\ArticleFilterDto" namespace="App\Dto\Filter">
          <metrics complexity="3" methods="3" coveredmethods="0" conditionals="0" coveredconditionals="0" statements="3" coveredstatements="0" elements="6" coveredelements="0"/>
        </class>
        <line num="10" type="method" name="__construct" visibility="public" complexity="1" crap="2" count="0"/>
        <line num="18" type="stmt" count="0"/>
        <line num="20" type="method" name="getPage" visibility="public" complexity="1" crap="2" count="0"/>
        <line num="22" type="stmt" count="0"/>
        <line num="25" type="method" name="getLimit" visibility="public" complexity="1" crap="2" count="0"/>
        <line num="27" type="stmt" count="0"/>
        <metrics loc="31" ncloc="31" classes="1" methods="3" coveredmethods="0" conditionals="0" coveredconditionals="0" statements="3" coveredstatements="0" elements="6" coveredelements="0"/>
      </file>
    </package>
    <file name="/Users/mak/Desktop/DWWM/Pierre-Bertrand DWWM/api_blog/src/Dto/Interfaces/UserRequestInterface.php">
      <metrics loc="12" ncloc="12" classes="0" methods="0" coveredmethods="0" conditionals="0" coveredconditionals="0" statements="0" coveredstatements="0" elements="0" coveredelements="0"/>
    </file>
    <package name="App\Dto\User">
      <file name="/Users/mak/Desktop/DWWM/Pierre-Bertrand DWWM/api_blog/src/Dto/User/RegisterUserDto.php">
        <class name="App\Dto\User\RegisterUserDto" namespace="App\Dto\User">
          <metrics complexity="6" methods="6" coveredmethods="0" conditionals="0" coveredconditionals="0" statements="6" coveredstatements="0" elements="12" coveredelements="0"/>
        </class>
        <line num="13" type="stmt" count="0"/>
        <line num="14" type="stmt" count="0"/>
        <line num="15" type="stmt" count="0"/>
        <line num="19" type="method" name="__construct" visibility="public" complexity="1" crap="2" count="0"/>
        <line num="59" type="stmt" count="0"/>
        <line num="61" type="method" name="getUsername" visibility="public" complexity="1" crap="2" count="0"/>
        <line num="63" type="stmt" count="0"/>
        <line num="66" type="method" name="getFirstName" visibility="public" complexity="1" crap="2" count="0"/>
        <line num="68" type="stmt" count="0"/>
        <line num="71" type="method" name="getLastName" visibility="public" complexity="1" crap="2" count="0"/>
        <line num="73" type="stmt" count="0"/>
        <line num="76" type="method" name="getPlainPassword" visibility="public" complexity="1" crap="2" count="0"/>
        <line num="78" type="stmt" count="0"/>
        <line num="81" type="method" name="getConfirmPassword" visibility="public" complexity="1" crap="2" count="0"/>
        <line num="83" type="stmt" count="0"/>
        <metrics loc="87" ncloc="87" classes="1" methods="6" coveredmethods="0" conditionals="0" coveredconditionals="0" statements="9" coveredstatements="0" elements="15" coveredelements="0"/>
      </file>
      <file name="/Users/mak/Desktop/DWWM/Pierre-Bertrand DWWM/api_blog/src/Dto/User/UpdateUserAdminDto.php">
        <class name="App\Dto\User\UpdateUserAdminDto" namespace="App\Dto\User">
          <metrics complexity="7" methods="7" coveredmethods="0" conditionals="0" coveredconditionals="0" statements="7" coveredstatements="0" elements="14" coveredelements="0"/>
        </class>
        <line num="10" type="method" name="__construct" visibility="public" complexity="1" crap="2" count="0"/>
        <line num="57" type="stmt" count="0"/>
        <line num="59" type="method" name="getUsername" visibility="public" complexity="1" crap="2" count="0"/>
        <line num="61" type="stmt" count="0"/>
        <line num="64" type="method" name="getFirstName" visibility="public" complexity="1" crap="2" count="0"/>
        <line num="66" type="stmt" count="0"/>
        <line num="69" type="method" name="getLastName" visibility="public" complexity="1" crap="2" count="0"/>
        <line num="71" type="stmt" count="0"/>
        <line num="74" type="method" name="getPlainPassword" visibility="public" complexity="1" crap="2" count="0"/>
        <line num="76" type="stmt" count="0"/>
        <line num="79" type="method" name="getConfirmPassword" visibility="public" complexity="1" crap="2" count="0"/>
        <line num="81" type="stmt" count="0"/>
        <line num="84" type="method" name="getRoles" visibility="public" complexity="1" crap="2" count="0"/>
        <line num="86" type="stmt" count="0"/>
        <metrics loc="88" ncloc="88" classes="1" methods="7" coveredmethods="0" conditionals="0" coveredconditionals="0" statements="7" coveredstatements="0" elements="14" coveredelements="0"/>
      </file>
    </package>
    <package name="App\Entity">
      <file name="/Users/mak/Desktop/DWWM/Pierre-Bertrand DWWM/api_blog/src/Entity/Article.php">
        <class name="App\Entity\Article" namespace="App\Entity">
          <metrics complexity="18" methods="17" coveredmethods="8" conditionals="0" coveredconditionals="0" statements="25" coveredstatements="13" elements="42" coveredelements="21"/>
        </class>
        <line num="60" type="method" name="getId" visibility="public" complexity="1" crap="2" count="0"/>
        <line num="62" type="stmt" count="0"/>
        <line num="65" type="method" name="getTitle" visibility="public" complexity="1" crap="2" count="0"/>
        <line num="67" type="stmt" count="0"/>
        <line num="70" type="method" name="setTitle" visibility="public" complexity="1" crap="1" count="5"/>
        <line num="72" type="stmt" count="5"/>
        <line num="74" type="stmt" count="5"/>
        <line num="77" type="method" name="getSlug" visibility="public" complexity="1" crap="1" count="1"/>
        <line num="79" type="stmt" count="1"/>
        <line num="82" type="method" name="setSlug" visibility="public" complexity="1" crap="2" count="0"/>
        <line num="84" type="stmt" count="0"/>
        <line num="86" type="stmt" count="0"/>
        <line num="89" type="method" name="getContent" visibility="public" complexity="1" crap="2" count="0"/>
        <line num="91" type="stmt" count="0"/>
        <line num="94" type="method" name="setContent" visibility="public" complexity="1" crap="1" count="5"/>
        <line num="96" type="stmt" count="5"/>
        <line num="98" type="stmt" count="5"/>
        <line num="101" type="method" name="getShortContent" visibility="public" complexity="1" crap="2" count="0"/>
        <line num="103" type="stmt" count="0"/>
        <line num="106" type="method" name="setShortContent" visibility="public" complexity="1" crap="1" count="5"/>
        <line num="108" type="stmt" count="5"/>
        <line num="110" type="stmt" count="5"/>
        <line num="113" type="method" name="isEnabled" visibility="public" complexity="1" crap="2" count="0"/>
        <line num="115" type="stmt" count="0"/>
        <line num="118" type="method" name="setEnabled" visibility="public" complexity="1" crap="1" count="5"/>
        <line num="120" type="stmt" count="5"/>
        <line num="122" type="stmt" count="5"/>
        <line num="125" type="method" name="getUser" visibility="public" complexity="1" crap="1" count="5"/>
        <line num="127" type="stmt" count="5"/>
        <line num="130" type="method" name="setUser" visibility="public" complexity="1" crap="1" count="5"/>
        <line num="132" type="stmt" count="5"/>
        <line num="134" type="stmt" count="5"/>
        <line num="146" type="method" name="setImageFile" visibility="public" complexity="2" crap="6" count="0"/>
        <line num="148" type="stmt" count="0"/>
        <line num="150" type="stmt" count="0"/>
        <line num="153" type="stmt" count="0"/>
        <line num="157" type="method" name="getImageFile" visibility="public" complexity="1" crap="1" count="5"/>
        <line num="159" type="stmt" count="5"/>
        <line num="162" type="method" name="setImageName" visibility="public" complexity="1" crap="2" count="0"/>
        <line num="164" type="stmt" count="0"/>
        <line num="167" type="method" name="getImageName" visibility="public" complexity="1" crap="2" count="0"/>
        <line num="169" type="stmt" count="0"/>
        <metrics loc="172" ncloc="161" classes="1" methods="17" coveredmethods="8" conditionals="0" coveredconditionals="0" statements="25" coveredstatements="13" elements="42" coveredelements="21"/>
      </file>
      <file name="/Users/mak/Desktop/DWWM/Pierre-Bertrand DWWM/api_blog/src/Entity/User.php">
        <class name="App\Entity\User" namespace="App\Entity">
          <metrics complexity="21" methods="18" coveredmethods="3" conditionals="0" coveredconditionals="0" statements="31" coveredstatements="5" elements="49" coveredelements="8"/>
        </class>
        <line num="58" type="method" name="__construct" visibility="public" complexity="1" crap="1" count="5"/>
        <line num="60" type="stmt" count="5"/>
        <line num="65" type="method" name="getId" visibility="public" complexity="1" crap="2" count="0"/>
        <line num="67" type="stmt" count="0"/>
        <line num="70" type="method" name="getUsername" visibility="public" complexity="1" crap="2" count="0"/>
        <line num="72" type="stmt" count="0"/>
        <line num="75" type="method" name="setUsername" visibility="public" complexity="1" crap="1" count="5"/>
        <line num="77" type="stmt" count="5"/>
        <line num="79" type="stmt" count="5"/>
        <line num="87" type="method" name="getUserIdentifier" visibility="public" complexity="1" crap="2" count="0"/>
        <line num="89" type="stmt" count="0"/>
        <line num="95" type="method" name="getRoles" visibility="public" complexity="1" crap="2" count="0"/>
        <line num="97" type="stmt" count="0"/>
        <line num="99" type="stmt" count="0"/>
        <line num="101" type="stmt" count="0"/>
        <line num="107" type="method" name="setRoles" visibility="public" complexity="1" crap="2" count="0"/>
        <line num="109" type="stmt" count="0"/>
        <line num="111" type="stmt" count="0"/>
        <line num="117" type="method" name="getPassword" visibility="public" complexity="1" crap="2" count="0"/>
        <line num="119" type="stmt" count="0"/>
        <line num="122" type="method" name="setPassword" visibility="public" complexity="1" crap="1" count="5"/>
        <line num="124" type="stmt" count="5"/>
        <line num="126" type="stmt" count="5"/>
        <line num="132" type="method" name="eraseCredentials" visibility="public" complexity="1" crap="2" count="0"/>
        <line num="136" type="stmt" count="0"/>
        <line num="138" type="method" name="getFirstName" visibility="public" complexity="1" crap="2" count="0"/>
        <line num="140" type="stmt" count="0"/>
        <line num="143" type="method" name="setFirstName" visibility="public" complexity="1" crap="2" count="0"/>
        <line num="145" type="stmt" count="0"/>
        <line num="147" type="stmt" count="0"/>
        <line num="150" type="method" name="getLastName" visibility="public" complexity="1" crap="2" count="0"/>
        <line num="152" type="stmt" count="0"/>
        <line num="155" type="method" name="setLastName" visibility="public" complexity="1" crap="2" count="0"/>
        <line num="157" type="stmt" count="0"/>
        <line num="159" type="stmt" count="0"/>
        <line num="162" type="method" name="getFullName" visibility="public" complexity="1" crap="2" count="0"/>
        <line num="165" type="stmt" count="0"/>
        <line num="171" type="method" name="getAricles" visibility="public" complexity="1" crap="2" count="0"/>
        <line num="173" type="stmt" count="0"/>
        <line num="176" type="method" name="addAricle" visibility="public" complexity="2" crap="6" count="0"/>
        <line num="178" type="stmt" count="0"/>
        <line num="179" type="stmt" count="0"/>
        <line num="180" type="stmt" count="0"/>
        <line num="183" type="stmt" count="0"/>
        <line num="186" type="method" name="removeAricle" visibility="public" complexity="3" crap="12" count="0"/>
        <line num="188" type="stmt" count="0"/>
        <line num="190" type="stmt" count="0"/>
        <line num="191" type="stmt" count="0"/>
        <line num="195" type="stmt" count="0"/>
        <metrics loc="199" ncloc="166" classes="1" methods="18" coveredmethods="3" conditionals="0" coveredconditionals="0" statements="31" coveredstatements="5" elements="49" coveredelements="8"/>
      </file>
    </package>
    <package name="App\Entity\Traits">
      <file name="/Users/mak/Desktop/DWWM/Pierre-Bertrand DWWM/api_blog/src/Entity/Traits/DateTimeTrait.php">
        <class name="App\Entity\Traits\DateTimeTrait" namespace="App\Entity\Traits">
          <metrics complexity="7" methods="6" coveredmethods="5" conditionals="0" coveredconditionals="0" statements="11" coveredstatements="9" elements="17" coveredelements="14"/>
        </class>
        <line num="18" type="method" name="getCreatedAt" visibility="public" complexity="1" crap="1" count="2"/>
        <line num="20" type="stmt" count="2"/>
        <line num="23" type="method" name="setCreatedAt" visibility="public" complexity="1" crap="1" count="1"/>
        <line num="25" type="stmt" count="1"/>
        <line num="27" type="stmt" count="1"/>
        <line num="30" type="method" name="getUpdatedAt" visibility="public" complexity="1" crap="1" count="1"/>
        <line num="32" type="stmt" count="1"/>
        <line num="35" type="method" name="setUpdatedAt" visibility="public" complexity="1" crap="2" count="0"/>
        <line num="37" type="stmt" count="0"/>
        <line num="39" type="stmt" count="0"/>
        <line num="43" type="method" name="autoSetCreatedAt" visibility="public" complexity="2" crap="2" count="5"/>
        <line num="46" type="stmt" count="5"/>
        <line num="47" type="stmt" count="5"/>
        <line num="49" type="stmt" count="5"/>
        <line num="52" type="method" name="autoSetUpdatedAt" visibility="public" complexity="1" crap="1" count="1"/>
        <line num="55" type="stmt" count="1"/>
        <line num="56" type="stmt" count="1"/>
        <metrics loc="58" ncloc="58" classes="1" methods="6" coveredmethods="5" conditionals="0" coveredconditionals="0" statements="11" coveredstatements="9" elements="17" coveredelements="14"/>
      </file>
    </package>
    <package name="App">
      <file name="/Users/mak/Desktop/DWWM/Pierre-Bertrand DWWM/api_blog/src/Kernel.php">
        <class name="App\Kernel" namespace="App">
          <metrics complexity="0" methods="0" coveredmethods="0" conditionals="0" coveredconditionals="0" statements="0" coveredstatements="0" elements="0" coveredelements="0"/>
        </class>
        <metrics loc="12" ncloc="12" classes="0" methods="0" coveredmethods="0" conditionals="0" coveredconditionals="0" statements="0" coveredstatements="0" elements="0" coveredelements="0"/>
      </file>
    </package>
    <package name="App\Mapper">
      <file name="/Users/mak/Desktop/DWWM/Pierre-Bertrand DWWM/api_blog/src/Mapper/ArticleMapper.php">
        <class name="App\Mapper\ArticleMapper" namespace="App\Mapper">
          <metrics complexity="7" methods="2" coveredmethods="0" conditionals="0" coveredconditionals="0" statements="16" coveredstatements="0" elements="18" coveredelements="0"/>
        </class>
        <line num="13" type="method" name="__construct" visibility="public" complexity="1" crap="2" count="0"/>
        <line num="15" type="method" name="map" visibility="public" complexity="6" crap="42" count="0"/>
        <line num="17" type="stmt" count="0"/>
        <line num="19" type="stmt" count="0"/>
        <line num="20" type="stmt" count="0"/>
        <line num="21" type="stmt" count="0"/>
        <line num="24" type="stmt" count="0"/>
        <line num="25" type="stmt" count="0"/>
        <line num="28" type="stmt" count="0"/>
        <line num="29" type="stmt" count="0"/>
        <line num="30" type="stmt" count="0"/>
        <line num="33" type="stmt" count="0"/>
        <line num="34" type="stmt" count="0"/>
        <line num="35" type="stmt" count="0"/>
        <line num="38" type="stmt" count="0"/>
        <line num="39" type="stmt" count="0"/>
        <line num="43" type="stmt" count="0"/>
        <metrics loc="46" ncloc="46" classes="1" methods="2" coveredmethods="0" conditionals="0" coveredconditionals="0" statements="16" coveredstatements="0" elements="18" coveredelements="0"/>
      </file>
      <file name="/Users/mak/Desktop/DWWM/Pierre-Bertrand DWWM/api_blog/src/Mapper/UserMapper.php">
        <class name="App\Mapper\UserMapper" namespace="App\Mapper">
          <metrics complexity="6" methods="2" coveredmethods="0" conditionals="0" coveredconditionals="0" statements="17" coveredstatements="0" elements="19" coveredelements="0"/>
        </class>
        <line num="11" type="method" name="__construct" visibility="public" complexity="1" crap="2" count="0"/>
        <line num="15" type="stmt" count="0"/>
        <line num="17" type="method" name="map" visibility="public" complexity="5" crap="30" count="0"/>
        <line num="19" type="stmt" count="0"/>
        <line num="21" type="stmt" count="0"/>
        <line num="22" type="stmt" count="0"/>
        <line num="23" type="stmt" count="0"/>
        <line num="26" type="stmt" count="0"/>
        <line num="27" type="stmt" count="0"/>
        <line num="28" type="stmt" count="0"/>
        <line num="31" type="stmt" count="0"/>
        <line num="32" type="stmt" count="0"/>
        <line num="33" type="stmt" count="0"/>
        <line num="36" type="stmt" count="0"/>
        <line num="37" type="stmt" count="0"/>
        <line num="38" type="stmt" count="0"/>
        <line num="39" type="stmt" count="0"/>
        <line num="40" type="stmt" count="0"/>
        <line num="43" type="stmt" count="0"/>
        <metrics loc="48" ncloc="48" classes="1" methods="2" coveredmethods="0" conditionals="0" coveredconditionals="0" statements="17" coveredstatements="0" elements="19" coveredelements="0"/>
      </file>
    </package>
    <package name="App\Repository">
      <file name="/Users/mak/Desktop/DWWM/Pierre-Bertrand DWWM/api_blog/src/Repository/ArticleRepository.php">
        <class name="App\Repository\ArticleRepository" namespace="App\Repository">
          <metrics complexity="3" methods="3" coveredmethods="0" conditionals="0" coveredconditionals="0" statements="17" coveredstatements="0" elements="20" coveredelements="0"/>
        </class>
        <line num="15" type="method" name="__construct" visibility="public" complexity="1" crap="2" count="0"/>
        <line num="17" type="stmt" count="0"/>
        <line num="20" type="method" name="countAll" visibility="public" complexity="1" crap="2" count="0"/>
        <line num="22" type="stmt" count="0"/>
        <line num="23" type="stmt" count="0"/>
        <line num="24" type="stmt" count="0"/>
        <line num="25" type="stmt" count="0"/>
        <line num="29" type="method" name="findPaginate" visibility="public" complexity="1" crap="2" count="0"/>
        <line num="31" type="stmt" count="0"/>
        <line num="32" type="stmt" count="0"/>
        <line num="33" type="stmt" count="0"/>
        <line num="34" type="stmt" count="0"/>
        <line num="36" type="stmt" count="0"/>
        <line num="38" type="stmt" count="0"/>
        <line num="39" type="stmt" count="0"/>
        <line num="40" type="stmt" count="0"/>
        <line num="41" type="stmt" count="0"/>
        <line num="42" type="stmt" count="0"/>
        <line num="43" type="stmt" count="0"/>
        <line num="44" type="stmt" count="0"/>
        <metrics loc="77" ncloc="51" classes="1" methods="3" coveredmethods="0" conditionals="0" coveredconditionals="0" statements="17" coveredstatements="0" elements="20" coveredelements="0"/>
      </file>
      <file name="/Users/mak/Desktop/DWWM/Pierre-Bertrand DWWM/api_blog/src/Repository/UserRepository.php">
        <class name="App\Repository\UserRepository" namespace="App\Repository">
          <metrics complexity="3" methods="2" coveredmethods="0" conditionals="0" coveredconditionals="0" statements="6" coveredstatements="0" elements="8" coveredelements="0"/>
        </class>
        <line num="17" type="method" name="__construct" visibility="public" complexity="1" crap="2" count="0"/>
        <line num="19" type="stmt" count="0"/>
        <line num="25" type="method" name="upgradePassword" visibility="public" complexity="2" crap="6" count="0"/>
        <line num="27" type="stmt" count="0"/>
        <line num="28" type="stmt" count="0"/>
        <line num="31" type="stmt" count="0"/>
        <line num="32" type="stmt" count="0"/>
        <line num="33" type="stmt" count="0"/>
        <metrics loc="61" ncloc="32" classes="1" methods="2" coveredmethods="0" conditionals="0" coveredconditionals="0" statements="6" coveredstatements="0" elements="8" coveredelements="0"/>
      </file>
    </package>
    <metrics files="18" loc="1327" ncloc="1224" classes="16" methods="94" coveredmethods="17" conditionals="0" coveredconditionals="0" statements="253" coveredstatements="28" elements="347" coveredelements="45"/>
  </project>
</coverage>
